Bug: `def refill_in_buffer(io : IO::MultiWriter)
  buffer_remaining = (BUFFER_SIZE - @in_buffer_left) - (@in_buffer - @buffer.to_unsafe)
  if buffer_remaining < 64
    @buffer.copy_from(@in_buffer, @in_buffer_left)
    @in_buffer = @buffer.to_unsafe
    buffer_remaining = BUFFER_SIZE - @in_buffer_left
  end
  @in_buffer_left
  LibC::SizeT
  io.read(Slice.new(@in_buffer + @in_buffer_left, buffer_remaining))
end` at /home/arnaud/workspace/repos/crystal/src/io/encoding.cr:123:13 has no type
0xd7d2b1: *Crystal::Def+ at /home/arnaud/workspace/repos/crystal/src/compiler/crystal/semantic/bindings.cr 13:18
0x13cfff3: *Crystal::CodeGenVisitor#codegen_fun_signature_non_external<String, Crystal::Def+, Crystal::Type+, Bool, Bool>:Array(Crystal::Arg) at /home/arnaud/workspace/repos/crystal/src/compiler/crystal/codegen/fun.cr 218:24
0x13cebda: *Crystal::CodeGenVisitor#codegen_fun_signature<String, Crystal::Def+, Crystal::Type+, Bool, Bool>:Array(Crystal::Arg) at /home/arnaud/workspace/repos/crystal/src/compiler/crystal/codegen/fun.cr 176:7
0x13ce1d9: *Crystal::CodeGenVisitor#codegen_fun<String, Crystal::Def+, Crystal::Type+, Bool, LLVM::Module, Bool, Bool>:LLVM::Function at /home/arnaud/workspace/repos/crystal/src/compiler/crystal/codegen/fun.cr 68:14
0x13d3101: *Crystal::CodeGenVisitor#codegen_fun<String, Crystal::Def+, Crystal::Type+>:LLVM::Function at /home/arnaud/workspace/repos/crystal/src/compiler/crystal/codegen/fun.cr 48:3
0x13d2ccb: *Crystal::CodeGenVisitor#target_def_fun<Crystal::Def+, Crystal::Type+>:LLVM::Function at /home/arnaud/workspace/repos/crystal/src/compiler/crystal/codegen/fun.cr 8:54
0x13e35a8: *Crystal::CodeGenVisitor#codegen_call<Crystal::Call, Crystal::Def+, Crystal::Type+, Array(LLVM::Value)>:(Bool | LLVM::Value | Nil) at /home/arnaud/workspace/repos/crystal/src/compiler/crystal/codegen/call.cr 405:12
0x13dad22: *Crystal::CodeGenVisitor#visit<Crystal::Call>:Bool at /home/arnaud/workspace/repos/crystal/src/compiler/crystal/codegen/call.cr 34:7
0xbd35af: *Crystal::ASTNode+ at /home/arnaud/workspace/repos/crystal/src/compiler/crystal/syntax/visitor.cr 27:12
0x13c568d: *Crystal::CodeGenVisitor#accept<Crystal::ASTNode+>:Nil at /home/arnaud/workspace/repos/crystal/src/compiler/crystal/codegen/codegen.cr 1895:7
0x13d3299: *Crystal::CodeGenVisitor#visit<Crystal::Expressions>:Bool at /home/arnaud/workspace/repos/crystal/src/compiler/crystal/codegen/codegen.cr 548:9
0xbd28a2: *Crystal::ASTNode+ at /home/arnaud/workspace/repos/crystal/src/compiler/crystal/syntax/visitor.cr 27:12
0x13c568d: *Crystal::CodeGenVisitor#accept<Crystal::ASTNode+>:Nil at /home/arnaud/workspace/repos/crystal/src/compiler/crystal/codegen/codegen.cr 1895:7
0x13f3d1f: *Crystal::CodeGenVisitor#codegen_if_branch<Crystal::CodeGenVisitor::Phi, Crystal::ASTNode+, LLVM::BasicBlock, Bool>:(LLVM::Value | Nil) at /home/arnaud/workspace/repos/crystal/src/compiler/crystal/codegen/codegen.cr 714:7
0x13f2d95: *Crystal::CodeGenVisitor#visit<Crystal::If>:Bool at /home/arnaud/workspace/repos/crystal/src/compiler/crystal/codegen/codegen.cr 705:9
0xbd2e06: *Crystal::ASTNode+ at /home/arnaud/workspace/repos/crystal/src/compiler/crystal/syntax/visitor.cr 27:12
0x13c568d: *Crystal::CodeGenVisitor#accept<Crystal::ASTNode+>:Nil at /home/arnaud/workspace/repos/crystal/src/compiler/crystal/codegen/codegen.cr 1895:7
0x13f3d1f: *Crystal::CodeGenVisitor#codegen_if_branch<Crystal::CodeGenVisitor::Phi, Crystal::ASTNode+, LLVM::BasicBlock, Bool>:(LLVM::Value | Nil) at /home/arnaud/workspace/repos/crystal/src/compiler/crystal/codegen/codegen.cr 714:7
0x13f2ddd: *Crystal::CodeGenVisitor#visit<Crystal::If>:Bool at /home/arnaud/workspace/repos/crystal/src/compiler/crystal/codegen/codegen.cr 706:9
0xbd2e06: *Crystal::ASTNode+ at /home/arnaud/workspace/repos/crystal/src/compiler/crystal/syntax/visitor.cr 27:12
0x13c568d: *Crystal::CodeGenVisitor#accept<Crystal::ASTNode+>:Nil at /home/arnaud/workspace/repos/crystal/src/compiler/crystal/codegen/codegen.cr 1895:7
0x13d3299: *Crystal::CodeGenVisitor#visit<Crystal::Expressions>:Bool at /home/arnaud/workspace/repos/crystal/src/compiler/crystal/codegen/codegen.cr 548:9
0xbd28a2: *Crystal::ASTNode+ at /home/arnaud/workspace/repos/crystal/src/compiler/crystal/syntax/visitor.cr 27:12
0x13c568d: *Crystal::CodeGenVisitor#accept<Crystal::ASTNode+>:Nil at /home/arnaud/workspace/repos/crystal/src/compiler/crystal/codegen/codegen.cr 1895:7
0x13f3d1f: *Crystal::CodeGenVisitor#codegen_if_branch<Crystal::CodeGenVisitor::Phi, Crystal::ASTNode+, LLVM::BasicBlock, Bool>:(LLVM::Value | Nil) at /home/arnaud/workspace/repos/crystal/src/compiler/crystal/codegen/codegen.cr 714:7
0x13f2d95: *Crystal::CodeGenVisitor#visit<Crystal::If>:Bool at /home/arnaud/workspace/repos/crystal/src/compiler/crystal/codegen/codegen.cr 705:9
0xbd2e06: *Crystal::ASTNode+ at /home/arnaud/workspace/repos/crystal/src/compiler/crystal/syntax/visitor.cr 27:12
0x13c568d: *Crystal::CodeGenVisitor#accept<Crystal::ASTNode+>:Nil at /home/arnaud/workspace/repos/crystal/src/compiler/crystal/codegen/codegen.cr 1895:7
0x13d3299: *Crystal::CodeGenVisitor#visit<Crystal::Expressions>:Bool at /home/arnaud/workspace/repos/crystal/src/compiler/crystal/codegen/codegen.cr 548:9
0xbd28a2: *Crystal::ASTNode+ at /home/arnaud/workspace/repos/crystal/src/compiler/crystal/syntax/visitor.cr 27:12
0x13c568d: *Crystal::CodeGenVisitor#accept<Crystal::ASTNode+>:Nil at /home/arnaud/workspace/repos/crystal/src/compiler/crystal/codegen/codegen.cr 1895:7
0x13f8c6d: *Crystal::CodeGenVisitor#visit<Crystal::Yield>:Bool at /home/arnaud/workspace/repos/crystal/src/compiler/crystal/codegen/codegen.cr 68:5
0xbd352d: *Crystal::ASTNode+ at /home/arnaud/workspace/repos/crystal/src/compiler/crystal/syntax/visitor.cr 27:12
0x13c568d: *Crystal::CodeGenVisitor#accept<Crystal::ASTNode+>:Nil at /home/arnaud/workspace/repos/crystal/src/compiler/crystal/codegen/codegen.cr 1895:7
0x13d3299: *Crystal::CodeGenVisitor#visit<Crystal::Expressions>:Bool at /home/arnaud/workspace/repos/crystal/src/compiler/crystal/codegen/codegen.cr 548:9
0xbd28a2: *Crystal::ASTNode+ at /home/arnaud/workspace/repos/crystal/src/compiler/crystal/syntax/visitor.cr 27:12
0x13c568d: *Crystal::CodeGenVisitor#accept<Crystal::ASTNode+>:Nil at /home/arnaud/workspace/repos/crystal/src/compiler/crystal/codegen/codegen.cr 1895:7
0x13f4157: *Crystal::CodeGenVisitor#visit<Crystal::While>:Bool at /home/arnaud/workspace/repos/crystal/src/compiler/crystal/codegen/codegen.cr 741:11
0xbd2e62: *Crystal::ASTNode+ at /home/arnaud/workspace/repos/crystal/src/compiler/crystal/syntax/visitor.cr 27:12
0x13c568d: *Crystal::CodeGenVisitor#accept<Crystal::ASTNode+>:Nil at /home/arnaud/workspace/repos/crystal/src/compiler/crystal/codegen/codegen.cr 1895:7
0x13d3299: *Crystal::CodeGenVisitor#visit<Crystal::Expressions>:Bool at /home/arnaud/workspace/repos/crystal/src/compiler/crystal/codegen/codegen.cr 548:9
0xbd28a2: *Crystal::ASTNode+ at /home/arnaud/workspace/repos/crystal/src/compiler/crystal/syntax/visitor.cr 27:12
0x13c568d: *Crystal::CodeGenVisitor#accept<Crystal::ASTNode+>:Nil at /home/arnaud/workspace/repos/crystal/src/compiler/crystal/codegen/codegen.cr 1895:7
0x13e204f: *Crystal::CodeGenVisitor#codegen_call_with_block<Crystal::Call, Crystal::Block, Crystal::Type+, Array(LLVM::Value)>:LLVM::Value at /home/arnaud/workspace/repos/crystal/src/compiler/crystal/codegen/call.cr 283:13
0x13dad88: *Crystal::CodeGenVisitor#visit<Crystal::Call>:Bool at /home/arnaud/workspace/repos/crystal/src/compiler/crystal/codegen/call.cr 31:9
0xbd35af: *Crystal::ASTNode+ at /home/arnaud/workspace/repos/crystal/src/compiler/crystal/syntax/visitor.cr 27:12
0x13c568d: *Crystal::CodeGenVisitor#accept<Crystal::ASTNode+>:Nil at /home/arnaud/workspace/repos/crystal/src/compiler/crystal/codegen/codegen.cr 1895:7
0x13cea2b: *Crystal::CodeGenVisitor#codegen_fun<String, Crystal::Def+, Crystal::Type+, Bool, LLVM::Module, Bool, Bool>:LLVM::Function at /home/arnaud/workspace/repos/crystal/src/compiler/crystal/codegen/fun.cr 128:9
0x13d3101: *Crystal::CodeGenVisitor#codegen_fun<String, Crystal::Def+, Crystal::Type+>:LLVM::Function at /home/arnaud/workspace/repos/crystal/src/compiler/crystal/codegen/fun.cr 48:3
0x13d2ccb: *Crystal::CodeGenVisitor#target_def_fun<Crystal::Def+, Crystal::Type+>:LLVM::Function at /home/arnaud/workspace/repos/crystal/src/compiler/crystal/codegen/fun.cr 8:54
0x13e35a8: *Crystal::CodeGenVisitor#codegen_call<Crystal::Call, Crystal::Def+, Crystal::Type+, Array(LLVM::Value)>:(Bool | LLVM::Value | Nil) at /home/arnaud/workspace/repos/crystal/src/compiler/crystal/codegen/call.cr 405:12
0x13dad22: *Crystal::CodeGenVisitor#visit<Crystal::Call>:Bool at /home/arnaud/workspace/repos/crystal/src/compiler/crystal/codegen/call.cr 34:7
0xbd35af: *Crystal::ASTNode+ at /home/arnaud/workspace/repos/crystal/src/compiler/crystal/syntax/visitor.cr 27:12
0x13c568d: *Crystal::CodeGenVisitor#accept<Crystal::ASTNode+>:Nil at /home/arnaud/workspace/repos/crystal/src/compiler/crystal/codegen/codegen.cr 1895:7
0x13d3299: *Crystal::CodeGenVisitor#visit<Crystal::Expressions>:Bool at /home/arnaud/workspace/repos/crystal/src/compiler/crystal/codegen/codegen.cr 548:9
0xbd28a2: *Crystal::ASTNode+ at /home/arnaud/workspace/repos/crystal/src/compiler/crystal/syntax/visitor.cr 27:12
0x13c568d: *Crystal::CodeGenVisitor#accept<Crystal::ASTNode+>:Nil at /home/arnaud/workspace/repos/crystal/src/compiler/crystal/codegen/codegen.cr 1895:7
0x13cea2b: *Crystal::CodeGenVisitor#codegen_fun<String, Crystal::Def+, Crystal::Type+, Bool, LLVM::Module, Bool, Bool>:LLVM::Function at /home/arnaud/workspace/repos/crystal/src/compiler/crystal/codegen/fun.cr 128:9
0x13d3101: *Crystal::CodeGenVisitor#codegen_fun<String, Crystal::Def+, Crystal::Type+>:LLVM::Function at /home/arnaud/workspace/repos/crystal/src/compiler/crystal/codegen/fun.cr 48:3
0x13d2ccb: *Crystal::CodeGenVisitor#target_def_fun<Crystal::Def+, Crystal::Type+>:LLVM::Function at /home/arnaud/workspace/repos/crystal/src/compiler/crystal/codegen/fun.cr 8:54
0x13e35a8: *Crystal::CodeGenVisitor#codegen_call<Crystal::Call, Crystal::Def+, Crystal::Type+, Array(LLVM::Value)>:(Bool | LLVM::Value | Nil) at /home/arnaud/workspace/repos/crystal/src/compiler/crystal/codegen/call.cr 405:12
0x13dad22: *Crystal::CodeGenVisitor#visit<Crystal::Call>:Bool at /home/arnaud/workspace/repos/crystal/src/compiler/crystal/codegen/call.cr 34:7
0xbd35af: *Crystal::ASTNode+ at /home/arnaud/workspace/repos/crystal/src/compiler/crystal/syntax/visitor.cr 27:12
0x13c568d: *Crystal::CodeGenVisitor#accept<Crystal::ASTNode+>:Nil at /home/arnaud/workspace/repos/crystal/src/compiler/crystal/codegen/codegen.cr 1895:7
0x13f3d1f: *Crystal::CodeGenVisitor#codegen_if_branch<Crystal::CodeGenVisitor::Phi, Crystal::ASTNode+, LLVM::BasicBlock, Bool>:(LLVM::Value | Nil) at /home/arnaud/workspace/repos/crystal/src/compiler/crystal/codegen/codegen.cr 714:7
0x13f2d95: *Crystal::CodeGenVisitor#visit<Crystal::If>:Bool at /home/arnaud/workspace/repos/crystal/src/compiler/crystal/codegen/codegen.cr 705:9
0xbd2e06: *Crystal::ASTNode+ at /home/arnaud/workspace/repos/crystal/src/compiler/crystal/syntax/visitor.cr 27:12
0x13c568d: *Crystal::CodeGenVisitor#accept<Crystal::ASTNode+>:Nil at /home/arnaud/workspace/repos/crystal/src/compiler/crystal/codegen/codegen.cr 1895:7
0x13cea2b: *Crystal::CodeGenVisitor#codegen_fun<String, Crystal::Def+, Crystal::Type+, Bool, LLVM::Module, Bool, Bool>:LLVM::Function at /home/arnaud/workspace/repos/crystal/src/compiler/crystal/codegen/fun.cr 128:9
0x13d3101: *Crystal::CodeGenVisitor#codegen_fun<String, Crystal::Def+, Crystal::Type+>:LLVM::Function at /home/arnaud/workspace/repos/crystal/src/compiler/crystal/codegen/fun.cr 48:3
0x13d2ccb: *Crystal::CodeGenVisitor#target_def_fun<Crystal::Def+, Crystal::Type+>:LLVM::Function at /home/arnaud/workspace/repos/crystal/src/compiler/crystal/codegen/fun.cr 8:54
0x13e35a8: *Crystal::CodeGenVisitor#codegen_call<Crystal::Call, Crystal::Def+, Crystal::Type+, Array(LLVM::Value)>:(Bool | LLVM::Value | Nil) at /home/arnaud/workspace/repos/crystal/src/compiler/crystal/codegen/call.cr 405:12
0x13dad22: *Crystal::CodeGenVisitor#visit<Crystal::Call>:Bool at /home/arnaud/workspace/repos/crystal/src/compiler/crystal/codegen/call.cr 34:7
0xbd35af: *Crystal::ASTNode+ at /home/arnaud/workspace/repos/crystal/src/compiler/crystal/syntax/visitor.cr 27:12
0x13c568d: *Crystal::CodeGenVisitor#accept<Crystal::ASTNode+>:Nil at /home/arnaud/workspace/repos/crystal/src/compiler/crystal/codegen/codegen.cr 1895:7
0x13d42de: *Crystal::CodeGenVisitor#codegen_assign<Crystal::ASTNode+, Crystal::ASTNode+, Crystal::Assign>:(Bool | Nil) at /home/arnaud/workspace/repos/crystal/src/compiler/crystal/codegen/codegen.cr 876:9
0x13d3d46: *Crystal::CodeGenVisitor#visit<Crystal::Assign>:(Bool | Nil) at /home/arnaud/workspace/repos/crystal/src/compiler/crystal/codegen/codegen.cr 840:7
0xbd2fdc: *Crystal::ASTNode+ at /home/arnaud/workspace/repos/crystal/src/compiler/crystal/syntax/visitor.cr 27:12
0x13c568d: *Crystal::CodeGenVisitor#accept<Crystal::ASTNode+>:Nil at /home/arnaud/workspace/repos/crystal/src/compiler/crystal/codegen/codegen.cr 1895:7
0x13d3299: *Crystal::CodeGenVisitor#visit<Crystal::Expressions>:Bool at /home/arnaud/workspace/repos/crystal/src/compiler/crystal/codegen/codegen.cr 548:9
0xbd28a2: *Crystal::ASTNode+ at /home/arnaud/workspace/repos/crystal/src/compiler/crystal/syntax/visitor.cr 27:12
0x13c568d: *Crystal::CodeGenVisitor#accept<Crystal::ASTNode+>:Nil at /home/arnaud/workspace/repos/crystal/src/compiler/crystal/codegen/codegen.cr 1895:7
0x13cea2b: *Crystal::CodeGenVisitor#codegen_fun<String, Crystal::Def+, Crystal::Type+, Bool, LLVM::Module, Bool, Bool>:LLVM::Function at /home/arnaud/workspace/repos/crystal/src/compiler/crystal/codegen/fun.cr 128:9
0x13d3101: *Crystal::CodeGenVisitor#codegen_fun<String, Crystal::Def+, Crystal::Type+>:LLVM::Function at /home/arnaud/workspace/repos/crystal/src/compiler/crystal/codegen/fun.cr 48:3
0x13d2ccb: *Crystal::CodeGenVisitor#target_def_fun<Crystal::Def+, Crystal::Type+>:LLVM::Function at /home/arnaud/workspace/repos/crystal/src/compiler/crystal/codegen/fun.cr 8:54
0x13e35a8: *Crystal::CodeGenVisitor#codegen_call<Crystal::Call, Crystal::Def+, Crystal::Type+, Array(LLVM::Value)>:(Bool | LLVM::Value | Nil) at /home/arnaud/workspace/repos/crystal/src/compiler/crystal/codegen/call.cr 405:12
0x13dad22: *Crystal::CodeGenVisitor#visit<Crystal::Call>:Bool at /home/arnaud/workspace/repos/crystal/src/compiler/crystal/codegen/call.cr 34:7
0xbd35af: *Crystal::ASTNode+ at /home/arnaud/workspace/repos/crystal/src/compiler/crystal/syntax/visitor.cr 27:12
0x13c568d: *Crystal::CodeGenVisitor#accept<Crystal::ASTNode+>:Nil at /home/arnaud/workspace/repos/crystal/src/compiler/crystal/codegen/codegen.cr 1895:7
0x13d42de: *Crystal::CodeGenVisitor#codegen_assign<Crystal::ASTNode+, Crystal::ASTNode+, Crystal::Assign>:(Bool | Nil) at /home/arnaud/workspace/repos/crystal/src/compiler/crystal/codegen/codegen.cr 876:9
0x13d3d46: *Crystal::CodeGenVisitor#visit<Crystal::Assign>:(Bool | Nil) at /home/arnaud/workspace/repos/crystal/src/compiler/crystal/codegen/codegen.cr 840:7
0xbd2fdc: *Crystal::ASTNode+ at /home/arnaud/workspace/repos/crystal/src/compiler/crystal/syntax/visitor.cr 27:12
0x13c568d: *Crystal::CodeGenVisitor#accept<Crystal::ASTNode+>:Nil at /home/arnaud/workspace/repos/crystal/src/compiler/crystal/codegen/codegen.cr 1895:7
0x13d3299: *Crystal::CodeGenVisitor#visit<Crystal::Expressions>:Bool at /home/arnaud/workspace/repos/crystal/src/compiler/crystal/codegen/codegen.cr 548:9
0xbd28a2: *Crystal::ASTNode+ at /home/arnaud/workspace/repos/crystal/src/compiler/crystal/syntax/visitor.cr 27:12
0x13c568d: *Crystal::CodeGenVisitor#accept<Crystal::ASTNode+>:Nil at /home/arnaud/workspace/repos/crystal/src/compiler/crystal/codegen/codegen.cr 1895:7
0x13cea2b: *Crystal::CodeGenVisitor#codegen_fun<String, Crystal::Def+, Crystal::Type+, Bool, LLVM::Module, Bool, Bool>:LLVM::Function at /home/arnaud/workspace/repos/crystal/src/compiler/crystal/codegen/fun.cr 128:9
0x13d3101: *Crystal::CodeGenVisitor#codegen_fun<String, Crystal::Def+, Crystal::Type+>:LLVM::Function at /home/arnaud/workspace/repos/crystal/src/compiler/crystal/codegen/fun.cr 48:3
0x13d2ccb: *Crystal::CodeGenVisitor#target_def_fun<Crystal::Def+, Crystal::Type+>:LLVM::Function at /home/arnaud/workspace/repos/crystal/src/compiler/crystal/codegen/fun.cr 8:54
0x13e35a8: *Crystal::CodeGenVisitor#codegen_call<Crystal::Call, Crystal::Def+, Crystal::Type+, Array(LLVM::Value)>:(Bool | LLVM::Value | Nil) at /home/arnaud/workspace/repos/crystal/src/compiler/crystal/codegen/call.cr 405:12
0x13dad22: *Crystal::CodeGenVisitor#visit<Crystal::Call>:Bool at /home/arnaud/workspace/repos/crystal/src/compiler/crystal/codegen/call.cr 34:7
0xeea802: *Crystal::Call at /home/arnaud/workspace/repos/crystal/src/compiler/crystal/syntax/visitor.cr 27:12
0x13daaad: *Crystal::CodeGenVisitor#accept<Crystal::Call>:Nil at /home/arnaud/workspace/repos/crystal/src/compiler/crystal/codegen/codegen.cr 1895:7
0x13dc10a: *Crystal::CodeGenVisitor#codegen_dispatch<Crystal::Call, Array(Crystal::Def+)>:Bool at /home/arnaud/workspace/repos/crystal/src/compiler/crystal/codegen/call.cr 375:11
0x13dabce: *Crystal::CodeGenVisitor#visit<Crystal::Call>:Bool at /home/arnaud/workspace/repos/crystal/src/compiler/crystal/codegen/call.cr 15:7
0xbd35af: *Crystal::ASTNode+ at /home/arnaud/workspace/repos/crystal/src/compiler/crystal/syntax/visitor.cr 27:12
0x13c568d: *Crystal::CodeGenVisitor#accept<Crystal::ASTNode+>:Nil at /home/arnaud/workspace/repos/crystal/src/compiler/crystal/codegen/codegen.cr 1895:7
0x13d42de: *Crystal::CodeGenVisitor#codegen_assign<Crystal::ASTNode+, Crystal::ASTNode+, Crystal::Assign>:(Bool | Nil) at /home/arnaud/workspace/repos/crystal/src/compiler/crystal/codegen/codegen.cr 876:9
0x13d3d46: *Crystal::CodeGenVisitor#visit<Crystal::Assign>:(Bool | Nil) at /home/arnaud/workspace/repos/crystal/src/compiler/crystal/codegen/codegen.cr 840:7
0xbd2fdc: *Crystal::ASTNode+ at /home/arnaud/workspace/repos/crystal/src/compiler/crystal/syntax/visitor.cr 27:12
0x13c568d: *Crystal::CodeGenVisitor#accept<Crystal::ASTNode+>:Nil at /home/arnaud/workspace/repos/crystal/src/compiler/crystal/codegen/codegen.cr 1895:7
0x13f2f3d: *Crystal::CodeGenVisitor#codegen_cond<Crystal::ASTNode+>:LLVM::Value at /home/arnaud/workspace/repos/crystal/src/compiler/crystal/codegen/codegen.cr 764:20
0x13f2eeb: *Crystal::CodeGenVisitor#codegen_cond_branch<Crystal::ASTNode+, LLVM::BasicBlock, LLVM::BasicBlock>:Nil at /home/arnaud/workspace/repos/crystal/src/compiler/crystal/codegen/codegen.cr 757:12
0x13f2d04: *Crystal::CodeGenVisitor#visit<Crystal::If>:Bool at /home/arnaud/workspace/repos/crystal/src/compiler/crystal/codegen/codegen.cr 701:9
0xbd2e06: *Crystal::ASTNode+ at /home/arnaud/workspace/repos/crystal/src/compiler/crystal/syntax/visitor.cr 27:12
0x13c568d: *Crystal::CodeGenVisitor#accept<Crystal::ASTNode+>:Nil at /home/arnaud/workspace/repos/crystal/src/compiler/crystal/codegen/codegen.cr 1895:7
0x13d42de: *Crystal::CodeGenVisitor#codegen_assign<Crystal::ASTNode+, Crystal::ASTNode+, Crystal::Assign>:(Bool | Nil) at /home/arnaud/workspace/repos/crystal/src/compiler/crystal/codegen/codegen.cr 876:9
0x13d3d46: *Crystal::CodeGenVisitor#visit<Crystal::Assign>:(Bool | Nil) at /home/arnaud/workspace/repos/crystal/src/compiler/crystal/codegen/codegen.cr 840:7
0xbd2fdc: *Crystal::ASTNode+ at /home/arnaud/workspace/repos/crystal/src/compiler/crystal/syntax/visitor.cr 27:12
0x13c568d: *Crystal::CodeGenVisitor#accept<Crystal::ASTNode+>:Nil at /home/arnaud/workspace/repos/crystal/src/compiler/crystal/codegen/codegen.cr 1895:7
0x13cea2b: *Crystal::CodeGenVisitor#codegen_fun<String, Crystal::Def+, Crystal::Type+, Bool, LLVM::Module, Bool, Bool>:LLVM::Function at /home/arnaud/workspace/repos/crystal/src/compiler/crystal/codegen/fun.cr 128:9
0x13d3101: *Crystal::CodeGenVisitor#codegen_fun<String, Crystal::Def+, Crystal::Type+>:LLVM::Function at /home/arnaud/workspace/repos/crystal/src/compiler/crystal/codegen/fun.cr 48:3
0x13d2ccb: *Crystal::CodeGenVisitor#target_def_fun<Crystal::Def+, Crystal::Type+>:LLVM::Function at /home/arnaud/workspace/repos/crystal/src/compiler/crystal/codegen/fun.cr 8:54
0x13e35a8: *Crystal::CodeGenVisitor#codegen_call<Crystal::Call, Crystal::Def+, Crystal::Type+, Array(LLVM::Value)>:(Bool | LLVM::Value | Nil) at /home/arnaud/workspace/repos/crystal/src/compiler/crystal/codegen/call.cr 405:12
0x13dad22: *Crystal::CodeGenVisitor#visit<Crystal::Call>:Bool at /home/arnaud/workspace/repos/crystal/src/compiler/crystal/codegen/call.cr 34:7
0xeea802: *Crystal::Call at /home/arnaud/workspace/repos/crystal/src/compiler/crystal/syntax/visitor.cr 27:12
0x13daaad: *Crystal::CodeGenVisitor#accept<Crystal::Call>:Nil at /home/arnaud/workspace/repos/crystal/src/compiler/crystal/codegen/codegen.cr 1895:7
0x13dc10a: *Crystal::CodeGenVisitor#codegen_dispatch<Crystal::Call, Array(Crystal::Def+)>:Bool at /home/arnaud/workspace/repos/crystal/src/compiler/crystal/codegen/call.cr 375:11
0x13dabce: *Crystal::CodeGenVisitor#visit<Crystal::Call>:Bool at /home/arnaud/workspace/repos/crystal/src/compiler/crystal/codegen/call.cr 15:7
0xbd35af: *Crystal::ASTNode+ at /home/arnaud/workspace/repos/crystal/src/compiler/crystal/syntax/visitor.cr 27:12
0x13c568d: *Crystal::CodeGenVisitor#accept<Crystal::ASTNode+>:Nil at /home/arnaud/workspace/repos/crystal/src/compiler/crystal/codegen/codegen.cr 1895:7
0x13d3299: *Crystal::CodeGenVisitor#visit<Crystal::Expressions>:Bool at /home/arnaud/workspace/repos/crystal/src/compiler/crystal/codegen/codegen.cr 548:9
0xbd28a2: *Crystal::ASTNode+ at /home/arnaud/workspace/repos/crystal/src/compiler/crystal/syntax/visitor.cr 27:12
0x13c568d: *Crystal::CodeGenVisitor#accept<Crystal::ASTNode+>:Nil at /home/arnaud/workspace/repos/crystal/src/compiler/crystal/codegen/codegen.cr 1895:7
0x13cea2b: *Crystal::CodeGenVisitor#codegen_fun<String, Crystal::Def+, Crystal::Type+, Bool, LLVM::Module, Bool, Bool>:LLVM::Function at /home/arnaud/workspace/repos/crystal/src/compiler/crystal/codegen/fun.cr 128:9
0x13d3101: *Crystal::CodeGenVisitor#codegen_fun<String, Crystal::Def+, Crystal::Type+>:LLVM::Function at /home/arnaud/workspace/repos/crystal/src/compiler/crystal/codegen/fun.cr 48:3
0x13d2ccb: *Crystal::CodeGenVisitor#target_def_fun<Crystal::Def+, Crystal::Type+>:LLVM::Function at /home/arnaud/workspace/repos/crystal/src/compiler/crystal/codegen/fun.cr 8:54
0x13e35a8: *Crystal::CodeGenVisitor#codegen_call<Crystal::Call, Crystal::Def+, Crystal::Type+, Array(LLVM::Value)>:(Bool | LLVM::Value | Nil) at /home/arnaud/workspace/repos/crystal/src/compiler/crystal/codegen/call.cr 405:12
0x13dad22: *Crystal::CodeGenVisitor#visit<Crystal::Call>:Bool at /home/arnaud/workspace/repos/crystal/src/compiler/crystal/codegen/call.cr 34:7
0xbd35af: *Crystal::ASTNode+ at /home/arnaud/workspace/repos/crystal/src/compiler/crystal/syntax/visitor.cr 27:12
0x13c568d: *Crystal::CodeGenVisitor#accept<Crystal::ASTNode+>:Nil at /home/arnaud/workspace/repos/crystal/src/compiler/crystal/codegen/codegen.cr 1895:7
0x13d3299: *Crystal::CodeGenVisitor#visit<Crystal::Expressions>:Bool at /home/arnaud/workspace/repos/crystal/src/compiler/crystal/codegen/codegen.cr 548:9
0xbd28a2: *Crystal::ASTNode+ at /home/arnaud/workspace/repos/crystal/src/compiler/crystal/syntax/visitor.cr 27:12
0x13c568d: *Crystal::CodeGenVisitor#accept<Crystal::ASTNode+>:Nil at /home/arnaud/workspace/repos/crystal/src/compiler/crystal/codegen/codegen.cr 1895:7
0x13f4157: *Crystal::CodeGenVisitor#visit<Crystal::While>:Bool at /home/arnaud/workspace/repos/crystal/src/compiler/crystal/codegen/codegen.cr 741:11
0xbd2e62: *Crystal::ASTNode+ at /home/arnaud/workspace/repos/crystal/src/compiler/crystal/syntax/visitor.cr 27:12
0x13c568d: *Crystal::CodeGenVisitor#accept<Crystal::ASTNode+>:Nil at /home/arnaud/workspace/repos/crystal/src/compiler/crystal/codegen/codegen.cr 1895:7
0x13cea2b: *Crystal::CodeGenVisitor#codegen_fun<String, Crystal::Def+, Crystal::Type+, Bool, LLVM::Module, Bool, Bool>:LLVM::Function at /home/arnaud/workspace/repos/crystal/src/compiler/crystal/codegen/fun.cr 128:9
0x13d3101: *Crystal::CodeGenVisitor#codegen_fun<String, Crystal::Def+, Crystal::Type+>:LLVM::Function at /home/arnaud/workspace/repos/crystal/src/compiler/crystal/codegen/fun.cr 48:3
0x13d2ccb: *Crystal::CodeGenVisitor#target_def_fun<Crystal::Def+, Crystal::Type+>:LLVM::Function at /home/arnaud/workspace/repos/crystal/src/compiler/crystal/codegen/fun.cr 8:54
0x13e35a8: *Crystal::CodeGenVisitor#codegen_call<Crystal::Call, Crystal::Def+, Crystal::Type+, Array(LLVM::Value)>:(Bool | LLVM::Value | Nil) at /home/arnaud/workspace/repos/crystal/src/compiler/crystal/codegen/call.cr 405:12
0x13dad22: *Crystal::CodeGenVisitor#visit<Crystal::Call>:Bool at /home/arnaud/workspace/repos/crystal/src/compiler/crystal/codegen/call.cr 34:7
0xbd35af: *Crystal::ASTNode+ at /home/arnaud/workspace/repos/crystal/src/compiler/crystal/syntax/visitor.cr 27:12
0x13c568d: *Crystal::CodeGenVisitor#accept<Crystal::ASTNode+>:Nil at /home/arnaud/workspace/repos/crystal/src/compiler/crystal/codegen/codegen.cr 1895:7
0x13d3299: *Crystal::CodeGenVisitor#visit<Crystal::Expressions>:Bool at /home/arnaud/workspace/repos/crystal/src/compiler/crystal/codegen/codegen.cr 548:9
0xbd28a2: *Crystal::ASTNode+ at /home/arnaud/workspace/repos/crystal/src/compiler/crystal/syntax/visitor.cr 27:12
0x13c568d: *Crystal::CodeGenVisitor#accept<Crystal::ASTNode+>:Nil at /home/arnaud/workspace/repos/crystal/src/compiler/crystal/codegen/codegen.cr 1895:7
0x13cea2b: *Crystal::CodeGenVisitor#codegen_fun<String, Crystal::Def+, Crystal::Type+, Bool, LLVM::Module, Bool, Bool>:LLVM::Function at /home/arnaud/workspace/repos/crystal/src/compiler/crystal/codegen/fun.cr 128:9
0x13d3101: *Crystal::CodeGenVisitor#codegen_fun<String, Crystal::Def+, Crystal::Type+>:LLVM::Function at /home/arnaud/workspace/repos/crystal/src/compiler/crystal/codegen/fun.cr 48:3
0x13d2ccb: *Crystal::CodeGenVisitor#target_def_fun<Crystal::Def+, Crystal::Type+>:LLVM::Function at /home/arnaud/workspace/repos/crystal/src/compiler/crystal/codegen/fun.cr 8:54
0x13e35a8: *Crystal::CodeGenVisitor#codegen_call<Crystal::Call, Crystal::Def+, Crystal::Type+, Array(LLVM::Value)>:(Bool | LLVM::Value | Nil) at /home/arnaud/workspace/repos/crystal/src/compiler/crystal/codegen/call.cr 405:12
0x13dad22: *Crystal::CodeGenVisitor#visit<Crystal::Call>:Bool at /home/arnaud/workspace/repos/crystal/src/compiler/crystal/codegen/call.cr 34:7
0xbd35af: *Crystal::ASTNode+ at /home/arnaud/workspace/repos/crystal/src/compiler/crystal/syntax/visitor.cr 27:12
0x13c568d: *Crystal::CodeGenVisitor#accept<Crystal::ASTNode+>:Nil at /home/arnaud/workspace/repos/crystal/src/compiler/crystal/codegen/codegen.cr 1895:7
0x13d3299: *Crystal::CodeGenVisitor#visit<Crystal::Expressions>:Bool at /home/arnaud/workspace/repos/crystal/src/compiler/crystal/codegen/codegen.cr 548:9
0xbd28a2: *Crystal::ASTNode+ at /home/arnaud/workspace/repos/crystal/src/compiler/crystal/syntax/visitor.cr 27:12
0x13c568d: *Crystal::CodeGenVisitor#accept<Crystal::ASTNode+>:Nil at /home/arnaud/workspace/repos/crystal/src/compiler/crystal/codegen/codegen.cr 1895:7
0x13cea2b: *Crystal::CodeGenVisitor#codegen_fun<String, Crystal::Def+, Crystal::Type+, Bool, LLVM::Module, Bool, Bool>:LLVM::Function at /home/arnaud/workspace/repos/crystal/src/compiler/crystal/codegen/fun.cr 128:9
0x13d3101: *Crystal::CodeGenVisitor#codegen_fun<String, Crystal::Def+, Crystal::Type+>:LLVM::Function at /home/arnaud/workspace/repos/crystal/src/compiler/crystal/codegen/fun.cr 48:3
0x13d2ccb: *Crystal::CodeGenVisitor#target_def_fun<Crystal::Def+, Crystal::Type+>:LLVM::Function at /home/arnaud/workspace/repos/crystal/src/compiler/crystal/codegen/fun.cr 8:54
0x13e35a8: *Crystal::CodeGenVisitor#codegen_call<Crystal::Call, Crystal::Def+, Crystal::Type+, Array(LLVM::Value)>:(Bool | LLVM::Value | Nil) at /home/arnaud/workspace/repos/crystal/src/compiler/crystal/codegen/call.cr 405:12
0x13dad22: *Crystal::CodeGenVisitor#visit<Crystal::Call>:Bool at /home/arnaud/workspace/repos/crystal/src/compiler/crystal/codegen/call.cr 34:7
0xbd35af: *Crystal::ASTNode+ at /home/arnaud/workspace/repos/crystal/src/compiler/crystal/syntax/visitor.cr 27:12
0x13c568d: *Crystal::CodeGenVisitor#accept<Crystal::ASTNode+>:Nil at /home/arnaud/workspace/repos/crystal/src/compiler/crystal/codegen/codegen.cr 1895:7
0x13d3299: *Crystal::CodeGenVisitor#visit<Crystal::Expressions>:Bool at /home/arnaud/workspace/repos/crystal/src/compiler/crystal/codegen/codegen.cr 548:9
0xbd28a2: *Crystal::ASTNode+ at /home/arnaud/workspace/repos/crystal/src/compiler/crystal/syntax/visitor.cr 27:12
0x13c568d: *Crystal::CodeGenVisitor#accept<Crystal::ASTNode+>:Nil at /home/arnaud/workspace/repos/crystal/src/compiler/crystal/codegen/codegen.cr 1895:7
0x13cea2b: *Crystal::CodeGenVisitor#codegen_fun<String, Crystal::Def+, Crystal::Type+, Bool, LLVM::Module, Bool, Bool>:LLVM::Function at /home/arnaud/workspace/repos/crystal/src/compiler/crystal/codegen/fun.cr 128:9
0x13d3101: *Crystal::CodeGenVisitor#codegen_fun<String, Crystal::Def+, Crystal::Type+>:LLVM::Function at /home/arnaud/workspace/repos/crystal/src/compiler/crystal/codegen/fun.cr 48:3
0x13d2ccb: *Crystal::CodeGenVisitor#target_def_fun<Crystal::Def+, Crystal::Type+>:LLVM::Function at /home/arnaud/workspace/repos/crystal/src/compiler/crystal/codegen/fun.cr 8:54
0x13e35a8: *Crystal::CodeGenVisitor#codegen_call<Crystal::Call, Crystal::Def+, Crystal::Type+, Array(LLVM::Value)>:(Bool | LLVM::Value | Nil) at /home/arnaud/workspace/repos/crystal/src/compiler/crystal/codegen/call.cr 405:12
0x13dad22: *Crystal::CodeGenVisitor#visit<Crystal::Call>:Bool at /home/arnaud/workspace/repos/crystal/src/compiler/crystal/codegen/call.cr 34:7
0xbd35af: *Crystal::ASTNode+ at /home/arnaud/workspace/repos/crystal/src/compiler/crystal/syntax/visitor.cr 27:12
0x13c568d: *Crystal::CodeGenVisitor#accept<Crystal::ASTNode+>:Nil at /home/arnaud/workspace/repos/crystal/src/compiler/crystal/codegen/codegen.cr 1895:7
0x13d3299: *Crystal::CodeGenVisitor#visit<Crystal::Expressions>:Bool at /home/arnaud/workspace/repos/crystal/src/compiler/crystal/codegen/codegen.cr 548:9
0xbd28a2: *Crystal::ASTNode+ at /home/arnaud/workspace/repos/crystal/src/compiler/crystal/syntax/visitor.cr 27:12
0x13c568d: *Crystal::CodeGenVisitor#accept<Crystal::ASTNode+>:Nil at /home/arnaud/workspace/repos/crystal/src/compiler/crystal/codegen/codegen.cr 1895:7
0x13cea2b: *Crystal::CodeGenVisitor#codegen_fun<String, Crystal::Def+, Crystal::Type+, Bool, LLVM::Module, Bool, Bool>:LLVM::Function at /home/arnaud/workspace/repos/crystal/src/compiler/crystal/codegen/fun.cr 128:9
0x13d3101: *Crystal::CodeGenVisitor#codegen_fun<String, Crystal::Def+, Crystal::Type+>:LLVM::Function at /home/arnaud/workspace/repos/crystal/src/compiler/crystal/codegen/fun.cr 48:3
0x13d2ccb: *Crystal::CodeGenVisitor#target_def_fun<Crystal::Def+, Crystal::Type+>:LLVM::Function at /home/arnaud/workspace/repos/crystal/src/compiler/crystal/codegen/fun.cr 8:54
0x13e35a8: *Crystal::CodeGenVisitor#codegen_call<Crystal::Call, Crystal::Def+, Crystal::Type+, Array(LLVM::Value)>:(Bool | LLVM::Value | Nil) at /home/arnaud/workspace/repos/crystal/src/compiler/crystal/codegen/call.cr 405:12
0x13dad22: *Crystal::CodeGenVisitor#visit<Crystal::Call>:Bool at /home/arnaud/workspace/repos/crystal/src/compiler/crystal/codegen/call.cr 34:7
0xbd35af: *Crystal::ASTNode+ at /home/arnaud/workspace/repos/crystal/src/compiler/crystal/syntax/visitor.cr 27:12
0x13c568d: *Crystal::CodeGenVisitor#accept<Crystal::ASTNode+>:Nil at /home/arnaud/workspace/repos/crystal/src/compiler/crystal/codegen/codegen.cr 1895:7
0x13d42de: *Crystal::CodeGenVisitor#codegen_assign<Crystal::ASTNode+, Crystal::ASTNode+, Crystal::Assign>:(Bool | Nil) at /home/arnaud/workspace/repos/crystal/src/compiler/crystal/codegen/codegen.cr 876:9
0x13d3d46: *Crystal::CodeGenVisitor#visit<Crystal::Assign>:(Bool | Nil) at /home/arnaud/workspace/repos/crystal/src/compiler/crystal/codegen/codegen.cr 840:7
0xbd2fdc: *Crystal::ASTNode+ at /home/arnaud/workspace/repos/crystal/src/compiler/crystal/syntax/visitor.cr 27:12
0x13c568d: *Crystal::CodeGenVisitor#accept<Crystal::ASTNode+>:Nil at /home/arnaud/workspace/repos/crystal/src/compiler/crystal/codegen/codegen.cr 1895:7
0x13d3299: *Crystal::CodeGenVisitor#visit<Crystal::Expressions>:Bool at /home/arnaud/workspace/repos/crystal/src/compiler/crystal/codegen/codegen.cr 548:9
0xbd28a2: *Crystal::ASTNode+ at /home/arnaud/workspace/repos/crystal/src/compiler/crystal/syntax/visitor.cr 27:12
0x13c568d: *Crystal::CodeGenVisitor#accept<Crystal::ASTNode+>:Nil at /home/arnaud/workspace/repos/crystal/src/compiler/crystal/codegen/codegen.cr 1895:7
0x13cea2b: *Crystal::CodeGenVisitor#codegen_fun<String, Crystal::Def+, Crystal::Type+, Bool, LLVM::Module, Bool, Bool>:LLVM::Function at /home/arnaud/workspace/repos/crystal/src/compiler/crystal/codegen/fun.cr 128:9
0x13d3101: *Crystal::CodeGenVisitor#codegen_fun<String, Crystal::Def+, Crystal::Type+>:LLVM::Function at /home/arnaud/workspace/repos/crystal/src/compiler/crystal/codegen/fun.cr 48:3
0x13d2ccb: *Crystal::CodeGenVisitor#target_def_fun<Crystal::Def+, Crystal::Type+>:LLVM::Function at /home/arnaud/workspace/repos/crystal/src/compiler/crystal/codegen/fun.cr 8:54
0x13e35a8: *Crystal::CodeGenVisitor#codegen_call<Crystal::Call, Crystal::Def+, Crystal::Type+, Array(LLVM::Value)>:(Bool | LLVM::Value | Nil) at /home/arnaud/workspace/repos/crystal/src/compiler/crystal/codegen/call.cr 405:12
0x13dad22: *Crystal::CodeGenVisitor#visit<Crystal::Call>:Bool at /home/arnaud/workspace/repos/crystal/src/compiler/crystal/codegen/call.cr 34:7
0xbd35af: *Crystal::ASTNode+ at /home/arnaud/workspace/repos/crystal/src/compiler/crystal/syntax/visitor.cr 27:12
0x13c568d: *Crystal::CodeGenVisitor#accept<Crystal::ASTNode+>:Nil at /home/arnaud/workspace/repos/crystal/src/compiler/crystal/codegen/codegen.cr 1895:7
0x13d42de: *Crystal::CodeGenVisitor#codegen_assign<Crystal::ASTNode+, Crystal::ASTNode+, Crystal::Assign>:(Bool | Nil) at /home/arnaud/workspace/repos/crystal/src/compiler/crystal/codegen/codegen.cr 876:9
0x13d3d46: *Crystal::CodeGenVisitor#visit<Crystal::Assign>:(Bool | Nil) at /home/arnaud/workspace/repos/crystal/src/compiler/crystal/codegen/codegen.cr 840:7
0xbd2fdc: *Crystal::ASTNode+ at /home/arnaud/workspace/repos/crystal/src/compiler/crystal/syntax/visitor.cr 27:12
0x13c568d: *Crystal::CodeGenVisitor#accept<Crystal::ASTNode+>:Nil at /home/arnaud/workspace/repos/crystal/src/compiler/crystal/codegen/codegen.cr 1895:7
0x13d3299: *Crystal::CodeGenVisitor#visit<Crystal::Expressions>:Bool at /home/arnaud/workspace/repos/crystal/src/compiler/crystal/codegen/codegen.cr 548:9
0xbd28a2: *Crystal::ASTNode+ at /home/arnaud/workspace/repos/crystal/src/compiler/crystal/syntax/visitor.cr 27:12
0x13c568d: *Crystal::CodeGenVisitor#accept<Crystal::ASTNode+>:Nil at /home/arnaud/workspace/repos/crystal/src/compiler/crystal/codegen/codegen.cr 1895:7
0x13cea2b: *Crystal::CodeGenVisitor#codegen_fun<String, Crystal::Def+, Crystal::Type+, Bool, LLVM::Module, Bool, Bool>:LLVM::Function at /home/arnaud/workspace/repos/crystal/src/compiler/crystal/codegen/fun.cr 128:9
0x13d3101: *Crystal::CodeGenVisitor#codegen_fun<String, Crystal::Def+, Crystal::Type+>:LLVM::Function at /home/arnaud/workspace/repos/crystal/src/compiler/crystal/codegen/fun.cr 48:3
0x13d2ccb: *Crystal::CodeGenVisitor#target_def_fun<Crystal::Def+, Crystal::Type+>:LLVM::Function at /home/arnaud/workspace/repos/crystal/src/compiler/crystal/codegen/fun.cr 8:54
0x13e35a8: *Crystal::CodeGenVisitor#codegen_call<Crystal::Call, Crystal::Def+, Crystal::Type+, Array(LLVM::Value)>:(Bool | LLVM::Value | Nil) at /home/arnaud/workspace/repos/crystal/src/compiler/crystal/codegen/call.cr 405:12
0x13dad22: *Crystal::CodeGenVisitor#visit<Crystal::Call>:Bool at /home/arnaud/workspace/repos/crystal/src/compiler/crystal/codegen/call.cr 34:7
0xbd35af: *Crystal::ASTNode+ at /home/arnaud/workspace/repos/crystal/src/compiler/crystal/syntax/visitor.cr 27:12
0x13c568d: *Crystal::CodeGenVisitor#accept<Crystal::ASTNode+>:Nil at /home/arnaud/workspace/repos/crystal/src/compiler/crystal/codegen/codegen.cr 1895:7
0x13e009a: *Crystal::CodeGenVisitor#prepare_call_args_non_external<Crystal::Call, Crystal::Def+, Crystal::Type+>:Tuple(Array(LLVM::Value), Bool) at /home/arnaud/workspace/repos/crystal/src/compiler/crystal/codegen/call.cr 99:7
0x13de2f5: *Crystal::CodeGenVisitor#prepare_call_args<Crystal::Call, Crystal::Type+>:Tuple(Array(LLVM::Value), Bool) at /home/arnaud/workspace/repos/crystal/src/compiler/crystal/codegen/call.cr 56:7
0x13dac4a: *Crystal::CodeGenVisitor#visit<Crystal::Call>:Bool at /home/arnaud/workspace/repos/crystal/src/compiler/crystal/codegen/call.cr 21:26
0xbd35af: *Crystal::ASTNode+ at /home/arnaud/workspace/repos/crystal/src/compiler/crystal/syntax/visitor.cr 27:12
0x13c568d: *Crystal::CodeGenVisitor#accept<Crystal::ASTNode+>:Nil at /home/arnaud/workspace/repos/crystal/src/compiler/crystal/codegen/codegen.cr 1895:7
0x13f3d1f: *Crystal::CodeGenVisitor#codegen_if_branch<Crystal::CodeGenVisitor::Phi, Crystal::ASTNode+, LLVM::BasicBlock, Bool>:(LLVM::Value | Nil) at /home/arnaud/workspace/repos/crystal/src/compiler/crystal/codegen/codegen.cr 714:7
0x13f2d95: *Crystal::CodeGenVisitor#visit<Crystal::If>:Bool at /home/arnaud/workspace/repos/crystal/src/compiler/crystal/codegen/codegen.cr 705:9
0xbd2e06: *Crystal::ASTNode+ at /home/arnaud/workspace/repos/crystal/src/compiler/crystal/syntax/visitor.cr 27:12
0x13c568d: *Crystal::CodeGenVisitor#accept<Crystal::ASTNode+>:Nil at /home/arnaud/workspace/repos/crystal/src/compiler/crystal/codegen/codegen.cr 1895:7
0x13d3299: *Crystal::CodeGenVisitor#visit<Crystal::Expressions>:Bool at /home/arnaud/workspace/repos/crystal/src/compiler/crystal/codegen/codegen.cr 548:9
0xbd28a2: *Crystal::ASTNode+ at /home/arnaud/workspace/repos/crystal/src/compiler/crystal/syntax/visitor.cr 27:12
0x13c568d: *Crystal::CodeGenVisitor#accept<Crystal::ASTNode+>:Nil at /home/arnaud/workspace/repos/crystal/src/compiler/crystal/codegen/codegen.cr 1895:7
0x13f8c6d: *Crystal::CodeGenVisitor#visit<Crystal::Yield>:Bool at /home/arnaud/workspace/repos/crystal/src/compiler/crystal/codegen/codegen.cr 68:5
0xbd352d: *Crystal::ASTNode+ at /home/arnaud/workspace/repos/crystal/src/compiler/crystal/syntax/visitor.cr 27:12
0x13c568d: *Crystal::CodeGenVisitor#accept<Crystal::ASTNode+>:Nil at /home/arnaud/workspace/repos/crystal/src/compiler/crystal/codegen/codegen.cr 1895:7
0x13fa599: *Crystal::CodeGenVisitor#visit<Crystal::ExceptionHandler>:Bool at /home/arnaud/workspace/repos/crystal/src/compiler/crystal/codegen/exception.cr 88:7
0xbd360b: *Crystal::ASTNode+ at /home/arnaud/workspace/repos/crystal/src/compiler/crystal/syntax/visitor.cr 27:12
0x13c568d: *Crystal::CodeGenVisitor#accept<Crystal::ASTNode+>:Nil at /home/arnaud/workspace/repos/crystal/src/compiler/crystal/codegen/codegen.cr 1895:7
0x13d3299: *Crystal::CodeGenVisitor#visit<Crystal::Expressions>:Bool at /home/arnaud/workspace/repos/crystal/src/compiler/crystal/codegen/codegen.cr 548:9
0xbd28a2: *Crystal::ASTNode+ at /home/arnaud/workspace/repos/crystal/src/compiler/crystal/syntax/visitor.cr 27:12
0x13c568d: *Crystal::CodeGenVisitor#accept<Crystal::ASTNode+>:Nil at /home/arnaud/workspace/repos/crystal/src/compiler/crystal/codegen/codegen.cr 1895:7
0x13e204f: *Crystal::CodeGenVisitor#codegen_call_with_block<Crystal::Call, Crystal::Block, Crystal::Type+, Array(LLVM::Value)>:LLVM::Value at /home/arnaud/workspace/repos/crystal/src/compiler/crystal/codegen/call.cr 283:13
0x13dad88: *Crystal::CodeGenVisitor#visit<Crystal::Call>:Bool at /home/arnaud/workspace/repos/crystal/src/compiler/crystal/codegen/call.cr 31:9
0xbd35af: *Crystal::ASTNode+ at /home/arnaud/workspace/repos/crystal/src/compiler/crystal/syntax/visitor.cr 27:12
0x13c568d: *Crystal::CodeGenVisitor#accept<Crystal::ASTNode+>:Nil at /home/arnaud/workspace/repos/crystal/src/compiler/crystal/codegen/codegen.cr 1895:7
0x13d3299: *Crystal::CodeGenVisitor#visit<Crystal::Expressions>:Bool at /home/arnaud/workspace/repos/crystal/src/compiler/crystal/codegen/codegen.cr 548:9
0xbd28a2: *Crystal::ASTNode+ at /home/arnaud/workspace/repos/crystal/src/compiler/crystal/syntax/visitor.cr 27:12
0x13c568d: *Crystal::CodeGenVisitor#accept<Crystal::ASTNode+>:Nil at /home/arnaud/workspace/repos/crystal/src/compiler/crystal/codegen/codegen.cr 1895:7
0x13f8c6d: *Crystal::CodeGenVisitor#visit<Crystal::Yield>:Bool at /home/arnaud/workspace/repos/crystal/src/compiler/crystal/codegen/codegen.cr 68:5
0xbd352d: *Crystal::ASTNode+ at /home/arnaud/workspace/repos/crystal/src/compiler/crystal/syntax/visitor.cr 27:12
0x13c568d: *Crystal::CodeGenVisitor#accept<Crystal::ASTNode+>:Nil at /home/arnaud/workspace/repos/crystal/src/compiler/crystal/codegen/codegen.cr 1895:7
0x13d3299: *Crystal::CodeGenVisitor#visit<Crystal::Expressions>:Bool at /home/arnaud/workspace/repos/crystal/src/compiler/crystal/codegen/codegen.cr 548:9
0xbd28a2: *Crystal::ASTNode+ at /home/arnaud/workspace/repos/crystal/src/compiler/crystal/syntax/visitor.cr 27:12
0x13c568d: *Crystal::CodeGenVisitor#accept<Crystal::ASTNode+>:Nil at /home/arnaud/workspace/repos/crystal/src/compiler/crystal/codegen/codegen.cr 1895:7
0x13f4157: *Crystal::CodeGenVisitor#visit<Crystal::While>:Bool at /home/arnaud/workspace/repos/crystal/src/compiler/crystal/codegen/codegen.cr 741:11
0xbd2e62: *Crystal::ASTNode+ at /home/arnaud/workspace/repos/crystal/src/compiler/crystal/syntax/visitor.cr 27:12
0x13c568d: *Crystal::CodeGenVisitor#accept<Crystal::ASTNode+>:Nil at /home/arnaud/workspace/repos/crystal/src/compiler/crystal/codegen/codegen.cr 1895:7
0x13d3299: *Crystal::CodeGenVisitor#visit<Crystal::Expressions>:Bool at /home/arnaud/workspace/repos/crystal/src/compiler/crystal/codegen/codegen.cr 548:9
0xbd28a2: *Crystal::ASTNode+ at /home/arnaud/workspace/repos/crystal/src/compiler/crystal/syntax/visitor.cr 27:12
0x13c568d: *Crystal::CodeGenVisitor#accept<Crystal::ASTNode+>:Nil at /home/arnaud/workspace/repos/crystal/src/compiler/crystal/codegen/codegen.cr 1895:7
0x13e204f: *Crystal::CodeGenVisitor#codegen_call_with_block<Crystal::Call, Crystal::Block, Crystal::Type+, Array(LLVM::Value)>:LLVM::Value at /home/arnaud/workspace/repos/crystal/src/compiler/crystal/codegen/call.cr 283:13
0x13dad88: *Crystal::CodeGenVisitor#visit<Crystal::Call>:Bool at /home/arnaud/workspace/repos/crystal/src/compiler/crystal/codegen/call.cr 31:9
0xbd35af: *Crystal::ASTNode+ at /home/arnaud/workspace/repos/crystal/src/compiler/crystal/syntax/visitor.cr 27:12
0x13c568d: *Crystal::CodeGenVisitor#accept<Crystal::ASTNode+>:Nil at /home/arnaud/workspace/repos/crystal/src/compiler/crystal/codegen/codegen.cr 1895:7
0x13d3299: *Crystal::CodeGenVisitor#visit<Crystal::Expressions>:Bool at /home/arnaud/workspace/repos/crystal/src/compiler/crystal/codegen/codegen.cr 548:9
0xbd28a2: *Crystal::ASTNode+ at /home/arnaud/workspace/repos/crystal/src/compiler/crystal/syntax/visitor.cr 27:12
0x13c568d: *Crystal::CodeGenVisitor#accept<Crystal::ASTNode+>:Nil at /home/arnaud/workspace/repos/crystal/src/compiler/crystal/codegen/codegen.cr 1895:7
0x13cea2b: *Crystal::CodeGenVisitor#codegen_fun<String, Crystal::Def+, Crystal::Type+, Bool, LLVM::Module, Bool, Bool>:LLVM::Function at /home/arnaud/workspace/repos/crystal/src/compiler/crystal/codegen/fun.cr 128:9
0x13d3101: *Crystal::CodeGenVisitor#codegen_fun<String, Crystal::Def+, Crystal::Type+>:LLVM::Function at /home/arnaud/workspace/repos/crystal/src/compiler/crystal/codegen/fun.cr 48:3
0x13d2ccb: *Crystal::CodeGenVisitor#target_def_fun<Crystal::Def+, Crystal::Type+>:LLVM::Function at /home/arnaud/workspace/repos/crystal/src/compiler/crystal/codegen/fun.cr 8:54
0x13e35a8: *Crystal::CodeGenVisitor#codegen_call<Crystal::Call, Crystal::Def+, Crystal::Type+, Array(LLVM::Value)>:(Bool | LLVM::Value | Nil) at /home/arnaud/workspace/repos/crystal/src/compiler/crystal/codegen/call.cr 405:12
0x13dad22: *Crystal::CodeGenVisitor#visit<Crystal::Call>:Bool at /home/arnaud/workspace/repos/crystal/src/compiler/crystal/codegen/call.cr 34:7
0xbd35af: *Crystal::ASTNode+ at /home/arnaud/workspace/repos/crystal/src/compiler/crystal/syntax/visitor.cr 27:12
0x13c568d: *Crystal::CodeGenVisitor#accept<Crystal::ASTNode+>:Nil at /home/arnaud/workspace/repos/crystal/src/compiler/crystal/codegen/codegen.cr 1895:7
0x13d3299: *Crystal::CodeGenVisitor#visit<Crystal::Expressions>:Bool at /home/arnaud/workspace/repos/crystal/src/compiler/crystal/codegen/codegen.cr 548:9
0xbd28a2: *Crystal::ASTNode+ at /home/arnaud/workspace/repos/crystal/src/compiler/crystal/syntax/visitor.cr 27:12
0x13c568d: *Crystal::CodeGenVisitor#accept<Crystal::ASTNode+>:Nil at /home/arnaud/workspace/repos/crystal/src/compiler/crystal/codegen/codegen.cr 1895:7
0x13cea2b: *Crystal::CodeGenVisitor#codegen_fun<String, Crystal::Def+, Crystal::Type+, Bool, LLVM::Module, Bool, Bool>:LLVM::Function at /home/arnaud/workspace/repos/crystal/src/compiler/crystal/codegen/fun.cr 128:9
0x13d3101: *Crystal::CodeGenVisitor#codegen_fun<String, Crystal::Def+, Crystal::Type+>:LLVM::Function at /home/arnaud/workspace/repos/crystal/src/compiler/crystal/codegen/fun.cr 48:3
0x13d2ccb: *Crystal::CodeGenVisitor#target_def_fun<Crystal::Def+, Crystal::Type+>:LLVM::Function at /home/arnaud/workspace/repos/crystal/src/compiler/crystal/codegen/fun.cr 8:54
0x13e35a8: *Crystal::CodeGenVisitor#codegen_call<Crystal::Call, Crystal::Def+, Crystal::Type+, Array(LLVM::Value)>:(Bool | LLVM::Value | Nil) at /home/arnaud/workspace/repos/crystal/src/compiler/crystal/codegen/call.cr 405:12
0x13dad22: *Crystal::CodeGenVisitor#visit<Crystal::Call>:Bool at /home/arnaud/workspace/repos/crystal/src/compiler/crystal/codegen/call.cr 34:7
0xbd35af: *Crystal::ASTNode+ at /home/arnaud/workspace/repos/crystal/src/compiler/crystal/syntax/visitor.cr 27:12
0x13c568d: *Crystal::CodeGenVisitor#accept<Crystal::ASTNode+>:Nil at /home/arnaud/workspace/repos/crystal/src/compiler/crystal/codegen/codegen.cr 1895:7
0x13d42de: *Crystal::CodeGenVisitor#codegen_assign<Crystal::ASTNode+, Crystal::ASTNode+, Crystal::Assign>:(Bool | Nil) at /home/arnaud/workspace/repos/crystal/src/compiler/crystal/codegen/codegen.cr 876:9
0x13d3d46: *Crystal::CodeGenVisitor#visit<Crystal::Assign>:(Bool | Nil) at /home/arnaud/workspace/repos/crystal/src/compiler/crystal/codegen/codegen.cr 840:7
0xbd2fdc: *Crystal::ASTNode+ at /home/arnaud/workspace/repos/crystal/src/compiler/crystal/syntax/visitor.cr 27:12
0x13c568d: *Crystal::CodeGenVisitor#accept<Crystal::ASTNode+>:Nil at /home/arnaud/workspace/repos/crystal/src/compiler/crystal/codegen/codegen.cr 1895:7
0x13d3299: *Crystal::CodeGenVisitor#visit<Crystal::Expressions>:Bool at /home/arnaud/workspace/repos/crystal/src/compiler/crystal/codegen/codegen.cr 548:9
0xbd28a2: *Crystal::ASTNode+ at /home/arnaud/workspace/repos/crystal/src/compiler/crystal/syntax/visitor.cr 27:12
0x13c568d: *Crystal::CodeGenVisitor#accept<Crystal::ASTNode+>:Nil at /home/arnaud/workspace/repos/crystal/src/compiler/crystal/codegen/codegen.cr 1895:7
0x13fa599: *Crystal::CodeGenVisitor#visit<Crystal::ExceptionHandler>:Bool at /home/arnaud/workspace/repos/crystal/src/compiler/crystal/codegen/exception.cr 88:7
0xbd360b: *Crystal::ASTNode+ at /home/arnaud/workspace/repos/crystal/src/compiler/crystal/syntax/visitor.cr 27:12
0x13c568d: *Crystal::CodeGenVisitor#accept<Crystal::ASTNode+>:Nil at /home/arnaud/workspace/repos/crystal/src/compiler/crystal/codegen/codegen.cr 1895:7
0x13f8c6d: *Crystal::CodeGenVisitor#visit<Crystal::Yield>:Bool at /home/arnaud/workspace/repos/crystal/src/compiler/crystal/codegen/codegen.cr 68:5
0xbd352d: *Crystal::ASTNode+ at /home/arnaud/workspace/repos/crystal/src/compiler/crystal/syntax/visitor.cr 27:12
0x13c568d: *Crystal::CodeGenVisitor#accept<Crystal::ASTNode+>:Nil at /home/arnaud/workspace/repos/crystal/src/compiler/crystal/codegen/codegen.cr 1895:7
0x13fa599: *Crystal::CodeGenVisitor#visit<Crystal::ExceptionHandler>:Bool at /home/arnaud/workspace/repos/crystal/src/compiler/crystal/codegen/exception.cr 88:7
0xbd360b: *Crystal::ASTNode+ at /home/arnaud/workspace/repos/crystal/src/compiler/crystal/syntax/visitor.cr 27:12
0x13c568d: *Crystal::CodeGenVisitor#accept<Crystal::ASTNode+>:Nil at /home/arnaud/workspace/repos/crystal/src/compiler/crystal/codegen/codegen.cr 1895:7
0x13e204f: *Crystal::CodeGenVisitor#codegen_call_with_block<Crystal::Call, Crystal::Block, Crystal::Type+, Array(LLVM::Value)>:LLVM::Value at /home/arnaud/workspace/repos/crystal/src/compiler/crystal/codegen/call.cr 283:13
0x13dad88: *Crystal::CodeGenVisitor#visit<Crystal::Call>:Bool at /home/arnaud/workspace/repos/crystal/src/compiler/crystal/codegen/call.cr 31:9
0xbd35af: *Crystal::ASTNode+ at /home/arnaud/workspace/repos/crystal/src/compiler/crystal/syntax/visitor.cr 27:12
0x13c568d: *Crystal::CodeGenVisitor#accept<Crystal::ASTNode+>:Nil at /home/arnaud/workspace/repos/crystal/src/compiler/crystal/codegen/codegen.cr 1895:7
0x13f8c6d: *Crystal::CodeGenVisitor#visit<Crystal::Yield>:Bool at /home/arnaud/workspace/repos/crystal/src/compiler/crystal/codegen/codegen.cr 68:5
0xbd352d: *Crystal::ASTNode+ at /home/arnaud/workspace/repos/crystal/src/compiler/crystal/syntax/visitor.cr 27:12
0x13c568d: *Crystal::CodeGenVisitor#accept<Crystal::ASTNode+>:Nil at /home/arnaud/workspace/repos/crystal/src/compiler/crystal/codegen/codegen.cr 1895:7
0x13f3d1f: *Crystal::CodeGenVisitor#codegen_if_branch<Crystal::CodeGenVisitor::Phi, Crystal::ASTNode+, LLVM::BasicBlock, Bool>:(LLVM::Value | Nil) at /home/arnaud/workspace/repos/crystal/src/compiler/crystal/codegen/codegen.cr 714:7
0x13f2d95: *Crystal::CodeGenVisitor#visit<Crystal::If>:Bool at /home/arnaud/workspace/repos/crystal/src/compiler/crystal/codegen/codegen.cr 705:9
0xbd2e06: *Crystal::ASTNode+ at /home/arnaud/workspace/repos/crystal/src/compiler/crystal/syntax/visitor.cr 27:12
0x13c568d: *Crystal::CodeGenVisitor#accept<Crystal::ASTNode+>:Nil at /home/arnaud/workspace/repos/crystal/src/compiler/crystal/codegen/codegen.cr 1895:7
0x13e204f: *Crystal::CodeGenVisitor#codegen_call_with_block<Crystal::Call, Crystal::Block, Crystal::Type+, Array(LLVM::Value)>:LLVM::Value at /home/arnaud/workspace/repos/crystal/src/compiler/crystal/codegen/call.cr 283:13
0x13dad88: *Crystal::CodeGenVisitor#visit<Crystal::Call>:Bool at /home/arnaud/workspace/repos/crystal/src/compiler/crystal/codegen/call.cr 31:9
0xbd35af: *Crystal::ASTNode+ at /home/arnaud/workspace/repos/crystal/src/compiler/crystal/syntax/visitor.cr 27:12
0x13c568d: *Crystal::CodeGenVisitor#accept<Crystal::ASTNode+>:Nil at /home/arnaud/workspace/repos/crystal/src/compiler/crystal/codegen/codegen.cr 1895:7
0x13d3299: *Crystal::CodeGenVisitor#visit<Crystal::Expressions>:Bool at /home/arnaud/workspace/repos/crystal/src/compiler/crystal/codegen/codegen.cr 548:9
0xbd28a2: *Crystal::ASTNode+ at /home/arnaud/workspace/repos/crystal/src/compiler/crystal/syntax/visitor.cr 27:12
0x13c568d: *Crystal::CodeGenVisitor#accept<Crystal::ASTNode+>:Nil at /home/arnaud/workspace/repos/crystal/src/compiler/crystal/codegen/codegen.cr 1895:7
0x13e204f: *Crystal::CodeGenVisitor#codegen_call_with_block<Crystal::Call, Crystal::Block, Crystal::Type+, Array(LLVM::Value)>:LLVM::Value at /home/arnaud/workspace/repos/crystal/src/compiler/crystal/codegen/call.cr 283:13
0x13dad88: *Crystal::CodeGenVisitor#visit<Crystal::Call>:Bool at /home/arnaud/workspace/repos/crystal/src/compiler/crystal/codegen/call.cr 31:9
0xbd35af: *Crystal::ASTNode+ at /home/arnaud/workspace/repos/crystal/src/compiler/crystal/syntax/visitor.cr 27:12
0x13c568d: *Crystal::CodeGenVisitor#accept<Crystal::ASTNode+>:Nil at /home/arnaud/workspace/repos/crystal/src/compiler/crystal/codegen/codegen.cr 1895:7
0x13cea2b: *Crystal::CodeGenVisitor#codegen_fun<String, Crystal::Def+, Crystal::Type+, Bool, LLVM::Module, Bool, Bool>:LLVM::Function at /home/arnaud/workspace/repos/crystal/src/compiler/crystal/codegen/fun.cr 128:9
0x13d3101: *Crystal::CodeGenVisitor#codegen_fun<String, Crystal::Def+, Crystal::Type+>:LLVM::Function at /home/arnaud/workspace/repos/crystal/src/compiler/crystal/codegen/fun.cr 48:3
0x13d2ccb: *Crystal::CodeGenVisitor#target_def_fun<Crystal::Def+, Crystal::Type+>:LLVM::Function at /home/arnaud/workspace/repos/crystal/src/compiler/crystal/codegen/fun.cr 8:54
0x13e35a8: *Crystal::CodeGenVisitor#codegen_call<Crystal::Call, Crystal::Def+, Crystal::Type+, Array(LLVM::Value)>:(Bool | LLVM::Value | Nil) at /home/arnaud/workspace/repos/crystal/src/compiler/crystal/codegen/call.cr 405:12
0x13dad22: *Crystal::CodeGenVisitor#visit<Crystal::Call>:Bool at /home/arnaud/workspace/repos/crystal/src/compiler/crystal/codegen/call.cr 34:7
0xbd35af: *Crystal::ASTNode+ at /home/arnaud/workspace/repos/crystal/src/compiler/crystal/syntax/visitor.cr 27:12
0x13c568d: *Crystal::CodeGenVisitor#accept<Crystal::ASTNode+>:Nil at /home/arnaud/workspace/repos/crystal/src/compiler/crystal/codegen/codegen.cr 1895:7
0x13cea2b: *Crystal::CodeGenVisitor#codegen_fun<String, Crystal::Def+, Crystal::Type+, Bool, LLVM::Module, Bool, Bool>:LLVM::Function at /home/arnaud/workspace/repos/crystal/src/compiler/crystal/codegen/fun.cr 128:9
0x13cdfcf: *Crystal::CodeGenVisitor#codegen_fun:fun_module:is_fun_literal:is_closure<String, Crystal::Def+, Crystal::Type+, LLVM::Module, Bool, Bool>:LLVM::Function at /home/arnaud/workspace/repos/crystal/src/compiler/crystal/codegen/fun.cr 48:3
0x13cd90b: *Crystal::CodeGenVisitor#visit<Crystal::ProcLiteral>:Bool at /home/arnaud/workspace/repos/crystal/src/compiler/crystal/codegen/codegen.cr 479:17
0xbd27ea: *Crystal::ASTNode+ at /home/arnaud/workspace/repos/crystal/src/compiler/crystal/syntax/visitor.cr 27:12
0x13c568d: *Crystal::CodeGenVisitor#accept<Crystal::ASTNode+>:Nil at /home/arnaud/workspace/repos/crystal/src/compiler/crystal/codegen/codegen.cr 1895:7
0x13e009a: *Crystal::CodeGenVisitor#prepare_call_args_non_external<Crystal::Call, Crystal::Def+, Crystal::Type+>:Tuple(Array(LLVM::Value), Bool) at /home/arnaud/workspace/repos/crystal/src/compiler/crystal/codegen/call.cr 99:7
0x13de2f5: *Crystal::CodeGenVisitor#prepare_call_args<Crystal::Call, Crystal::Type+>:Tuple(Array(LLVM::Value), Bool) at /home/arnaud/workspace/repos/crystal/src/compiler/crystal/codegen/call.cr 56:7
0x13dac4a: *Crystal::CodeGenVisitor#visit<Crystal::Call>:Bool at /home/arnaud/workspace/repos/crystal/src/compiler/crystal/codegen/call.cr 21:26
0xbd35af: *Crystal::ASTNode+ at /home/arnaud/workspace/repos/crystal/src/compiler/crystal/syntax/visitor.cr 27:12
0x13c568d: *Crystal::CodeGenVisitor#accept<Crystal::ASTNode+>:Nil at /home/arnaud/workspace/repos/crystal/src/compiler/crystal/codegen/codegen.cr 1895:7
0x13d3299: *Crystal::CodeGenVisitor#visit<Crystal::Expressions>:Bool at /home/arnaud/workspace/repos/crystal/src/compiler/crystal/codegen/codegen.cr 548:9
0xbd28a2: *Crystal::ASTNode+ at /home/arnaud/workspace/repos/crystal/src/compiler/crystal/syntax/visitor.cr 27:12
0x13c568d: *Crystal::CodeGenVisitor#accept<Crystal::ASTNode+>:Nil at /home/arnaud/workspace/repos/crystal/src/compiler/crystal/codegen/codegen.cr 1895:7
0x13d3926: *Crystal::CodeGenVisitor#visit<Crystal::ClassDef>:Bool at /home/arnaud/workspace/repos/crystal/src/compiler/crystal/codegen/codegen.cr 600:15
0xbd295a: *Crystal::ASTNode+ at /home/arnaud/workspace/repos/crystal/src/compiler/crystal/syntax/visitor.cr 27:12
0x13c568d: *Crystal::CodeGenVisitor#accept<Crystal::ASTNode+>:Nil at /home/arnaud/workspace/repos/crystal/src/compiler/crystal/codegen/codegen.cr 1895:7
0x13d3299: *Crystal::CodeGenVisitor#visit<Crystal::Expressions>:Bool at /home/arnaud/workspace/repos/crystal/src/compiler/crystal/codegen/codegen.cr 548:9
0xbd28a2: *Crystal::ASTNode+ at /home/arnaud/workspace/repos/crystal/src/compiler/crystal/syntax/visitor.cr 27:12
0x13d399f: *Crystal::CodeGenVisitor#visit<Crystal::ClassDef>:Bool at /home/arnaud/workspace/repos/crystal/src/compiler/crystal/codegen/codegen.cr 598:41
0xbd295a: *Crystal::ASTNode+ at /home/arnaud/workspace/repos/crystal/src/compiler/crystal/syntax/visitor.cr 27:12
0x13c568d: *Crystal::CodeGenVisitor#accept<Crystal::ASTNode+>:Nil at /home/arnaud/workspace/repos/crystal/src/compiler/crystal/codegen/codegen.cr 1895:7
0x13d3926: *Crystal::CodeGenVisitor#visit<Crystal::ClassDef>:Bool at /home/arnaud/workspace/repos/crystal/src/compiler/crystal/codegen/codegen.cr 600:15
0xbd295a: *Crystal::ASTNode+ at /home/arnaud/workspace/repos/crystal/src/compiler/crystal/syntax/visitor.cr 27:12
0x13c568d: *Crystal::CodeGenVisitor#accept<Crystal::ASTNode+>:Nil at /home/arnaud/workspace/repos/crystal/src/compiler/crystal/codegen/codegen.cr 1895:7
0x13d39df: *Crystal::CodeGenVisitor#visit<Crystal::ModuleDef>:Bool at /home/arnaud/workspace/repos/crystal/src/compiler/crystal/codegen/codegen.cr 606:15
0xbd29b6: *Crystal::ASTNode+ at /home/arnaud/workspace/repos/crystal/src/compiler/crystal/syntax/visitor.cr 27:12
0x13c568d: *Crystal::CodeGenVisitor#accept<Crystal::ASTNode+>:Nil at /home/arnaud/workspace/repos/crystal/src/compiler/crystal/codegen/codegen.cr 1895:7
0x13d3299: *Crystal::CodeGenVisitor#visit<Crystal::Expressions>:Bool at /home/arnaud/workspace/repos/crystal/src/compiler/crystal/codegen/codegen.cr 548:9
0xbd28a2: *Crystal::ASTNode+ at /home/arnaud/workspace/repos/crystal/src/compiler/crystal/syntax/visitor.cr 27:12
0x13c5790: *Crystal::CodeGenVisitor#visit<Crystal::FileNode>:Bool at /home/arnaud/workspace/repos/crystal/src/compiler/crystal/codegen/codegen.cr 356:17
0xbd23ca: *Crystal::ASTNode+ at /home/arnaud/workspace/repos/crystal/src/compiler/crystal/syntax/visitor.cr 27:12
0x13c568d: *Crystal::CodeGenVisitor#accept<Crystal::ASTNode+>:Nil at /home/arnaud/workspace/repos/crystal/src/compiler/crystal/codegen/codegen.cr 1895:7
0x13d3299: *Crystal::CodeGenVisitor#visit<Crystal::Expressions>:Bool at /home/arnaud/workspace/repos/crystal/src/compiler/crystal/codegen/codegen.cr 548:9
0xbd28a2: *Crystal::ASTNode+ at /home/arnaud/workspace/repos/crystal/src/compiler/crystal/syntax/visitor.cr 27:12
0x13c5790: *Crystal::CodeGenVisitor#visit<Crystal::FileNode>:Bool at /home/arnaud/workspace/repos/crystal/src/compiler/crystal/codegen/codegen.cr 356:17
0xbd23ca: *Crystal::ASTNode+ at /home/arnaud/workspace/repos/crystal/src/compiler/crystal/syntax/visitor.cr 27:12
0x13c568d: *Crystal::CodeGenVisitor#accept<Crystal::ASTNode+>:Nil at /home/arnaud/workspace/repos/crystal/src/compiler/crystal/codegen/codegen.cr 1895:7
0x13d3299: *Crystal::CodeGenVisitor#visit<Crystal::Expressions>:Bool at /home/arnaud/workspace/repos/crystal/src/compiler/crystal/codegen/codegen.cr 548:9
0xbd28a2: *Crystal::ASTNode+ at /home/arnaud/workspace/repos/crystal/src/compiler/crystal/syntax/visitor.cr 27:12
0x896308: *Crystal::Program#codegen<Crystal::ASTNode+, (Array(String) | Bool | Nil), Bool, LLVM::Module, Bool>:Hash(String, LLVM::Module)+ at /home/arnaud/workspace/repos/crystal/src/compiler/crystal/codegen/codegen.cr 63:7
0x89626e: *Crystal::Program#codegen:debug:single_module:expose_crystal_main<Crystal::ASTNode+, Bool, (Array(String) | Bool | Nil), Bool>:Hash(String, LLVM::Module)+ at /home/arnaud/workspace/repos/crystal/src/compiler/crystal/codegen/codegen.cr 61:5
0xfeca03: *Crystal::Compiler#codegen<Crystal::Program, Crystal::ASTNode+, Array(Crystal::Compiler::Source), String>:Nil at /home/arnaud/workspace/repos/crystal/src/compiler/crystal/compiler.cr 212:9
0xfe9fb6: *Crystal::Compiler#compile<Array(Crystal::Compiler::Source), String>:Crystal::Compiler::Result at /home/arnaud/workspace/repos/crystal/src/compiler/crystal/compiler.cr 128:7
0xff07f9: *Crystal::Command::CompilerConfig#compile<String>:Crystal::Compiler::Result at /home/arnaud/workspace/repos/crystal/src/compiler/crystal/command.cr 254:7
0x86148d: *Crystal::Command#run_command<Bool>:Nil at /home/arnaud/workspace/repos/crystal/src/compiler/crystal/command.cr 190:14
0x85d597: *Crystal::Command#run:(Bool | Crystal::Compiler::Result | IO::FileDescriptor | Nil) at /home/arnaud/workspace/repos/crystal/src/compiler/crystal/command.cr 104:11
0x85cc8b: *Crystal::Command::run<Array(String)>:(Bool | Crystal::Compiler::Result | IO::FileDescriptor | Nil) at /home/arnaud/workspace/repos/crystal/src/compiler/crystal/command.cr 48:5
0x85cc49: *Crystal::Command::run:(Bool | Crystal::Compiler::Result | IO::FileDescriptor | Nil) at /home/arnaud/workspace/repos/crystal/src/compiler/crystal/command.cr 47:3
0x72f2f4: ??? at /home/arnaud/workspace/repos/crystal/src/compiler/crystal.cr 8:1
0x73df49: main at /home/arnaud/.cache/crystal/macro35811328.cr 12:15
0x7f1365a6f291: __libc_start_main at ??
0x72e45a: _start at ??
0x0: ??? at ??

